
Showing logs for build [32mcb-kubecd-environment-pr-1414-6-qsrf5-1[0m stage [32mfrom-build-pack[0m and container [32mstep-credential-initializer-z4pvd[0m
{"level":"info","ts":1587053119.1141996,"logger":"fallback-logger","caller":"logging/config.go:69","msg":"Fetch GitHub commit ID from kodata failed: open /var/run/ko/refs/heads/0.8.0-ns-support: no such file or directory"}
{"level":"info","ts":1587053119.1147914,"logger":"fallback-logger","caller":"creds-init/main.go:40","msg":"Credentials initialized."}

Showing logs for build [32mcb-kubecd-environment-pr-1414-6-qsrf5-1[0m stage [32mfrom-build-pack[0m and container [32mstep-working-dir-initializer-rjcm6[0m
{"level":"info","ts":1587053119.841662,"logger":"fallback-logger","caller":"logging/config.go:69","msg":"Fetch GitHub commit ID from kodata failed: open /var/run/ko/HEAD: no such file or directory"}
{"level":"info","ts":1587053119.8437471,"logger":"fallback-logger","caller":"bash/main.go:64","msg":"Successfully executed command \"sh -c mkdir -p /workspace/source\"; output "}

Showing logs for build [32mcb-kubecd-environment-pr-1414-6-qsrf5-1[0m stage [32mfrom-build-pack[0m and container [32mstep-place-tools[0m

Showing logs for build [32mcb-kubecd-environment-pr-1414-6-qsrf5-1[0m stage [32mfrom-build-pack[0m and container [32mstep-git-source-cb-kubecd-environment-pr-1414-6-qsrf5-ggwxk[0m
{"level":"info","ts":1587053147.9220054,"logger":"fallback-logger","caller":"logging/config.go:69","msg":"Fetch GitHub commit ID from kodata failed: open /var/run/ko/refs/heads/0.8.0-ns-support: no such file or directory"}
{"level":"info","ts":1587053149.0073488,"logger":"fallback-logger","caller":"git/git.go:103","msg":"Successfully cloned https://github.com/cb-kubecd/environment-pr-1414-6-bdd-frontend-staging.git @ master in path /workspace/source"}

Showing logs for build [32mcb-kubecd-environment-pr-1414-6-qsrf5-1[0m stage [32mfrom-build-pack[0m and container [32mstep-git-merge[0m
Using SHAs from PULL_REFS=master:bc18c88d9e0dc6103332d061a3c171f40a2b1ce0,1:e68beb9c873e610920764d44c74e3f7eca9302b7
DEBUG: LC_ALL=C JX_LOG_LEVEL=error git fetch origin --unshallow e68beb9c873e610920764d44c74e3f7eca9302b7: bc18c88d9e0dc6103332d061a3c171f40a2b1ce0:
DEBUG: ran git fetch --unshallow origin e68beb9c873e610920764d44c74e3f7eca9302b7: bc18c88d9e0dc6103332d061a3c171f40a2b1ce0: in 
DEBUG: LC_ALL=C JX_LOG_LEVEL=error git branch
DEBUG: LC_ALL=C JX_LOG_LEVEL=error git checkout master
DEBUG: ran git checkout master in 
DEBUG: LC_ALL=C JX_LOG_LEVEL=error git reset --hard bc18c88d9e0dc6103332d061a3c171f40a2b1ce0
DEBUG: ran git reset --hard bc18c88d9e0dc6103332d061a3c171f40a2b1ce0 in 
DEBUG: LC_ALL=C JX_LOG_LEVEL=error git clean -fd .
DEBUG: ran clean --force -d . in 
DEBUG: LC_ALL=C JX_LOG_LEVEL=error git merge e68beb9c873e610920764d44c74e3f7eca9302b7
DEBUG: ran git merge e68beb9c873e610920764d44c74e3f7eca9302b7 in 
DEBUG: LC_ALL=C JX_LOG_LEVEL=error git log --format=%H%x1f%an%x1f%ae%x1f%cn%x1f%ce%x1f%s%n%b%x1e bc18c88d9e0dc6103332d061a3c171f40a2b1ce0..HEAD
Merged SHA e68beb9c873e610920764d44c74e3f7eca9302b7 with commit message 'chore: Promote bdd-nh-1587051918 to version 0.0.1' into base branch master

Showing logs for build [32mcb-kubecd-environment-pr-1414-6-qsrf5-1[0m stage [32mfrom-build-pack[0m and container [32mstep-build-helm-build[0m
WARNING: No $CHART_REPOSITORY defined so using the default value of: http://jenkins-x-chartmuseum:8080
Adding missing Helm repo: storage.googleapis.com https://storage.googleapis.com/chartmuseum.jenkins-x.io
WARNING: No secrets found on "helm/repos" due: reading the secret "helm/repos" from vault: no secret "helm/repos" not found in vault
Read credentials for https://storage.googleapis.com/chartmuseum.jenkins-x.io from vault helm/repos
Successfully added Helm repository storage.googleapis.com.
Adding missing Helm repo: jenkins-x-chartmuseum http://jenkins-x-chartmuseum:8080
WARNING: No secrets found on "helm/repos" due: reading the secret "helm/repos" from vault: no secret "helm/repos" not found in vault
Read credentials for http://jenkins-x-chartmuseum:8080 from vault helm/repos
Successfully added Helm repository jenkins-x-chartmuseum.
WARNING: No $CHART_REPOSITORY defined so using the default value of: http://jenkins-x-chartmuseum:8080
Adding missing Helm repo: chartmuseum.jenkins-x.io http://chartmuseum.jenkins-x.io
WARNING: No secrets found on "helm/repos" due: reading the secret "helm/repos" from vault: no secret "helm/repos" not found in vault
Read credentials for http://chartmuseum.jenkins-x.io from vault helm/repos
Successfully added Helm repository chartmuseum.jenkins-x.io.
